<?xml version="1.0" encoding="UTF-8"?>
<!-- Generated by org.testng.reporters.JUnitReportReporter -->
<testsuite skipped="0" hostname="srinu-PC" name="com.orgHrm.TestScripts.TC1" tests="1" failures="0" timestamp="29 Jun 2019 08:01:15 GMT" time="8.654" errors="0">
  <testcase name="Adminlogin" time="8.654" classname="com.orgHrm.TestScripts.TC1"/>
</testsuite> <!-- com.orgHrm.TestScripts.TC1 -->
